[0.222s] DEBUG:colcon:Command line arguments: ['/usr/bin/colcon', 'build', '--symlink-install']
[0.222s] DEBUG:colcon:Parsed command line arguments: Namespace(log_base=None, log_level=None, verb_name='build', build_base='build', install_base='install', merge_install=False, symlink_install=True, test_result_base=None, continue_on_error=False, executor='parallel', parallel_workers=16, event_handlers=None, ignore_user_meta=False, metas=['./colcon.meta'], base_paths=['.'], packages_ignore=None, packages_ignore_regex=None, paths=None, packages_up_to=None, packages_up_to_regex=None, packages_above=None, packages_above_and_dependencies=None, packages_above_depth=None, packages_select_by_dep=None, packages_skip_by_dep=None, packages_skip_up_to=None, packages_select_build_failed=False, packages_skip_build_finished=False, packages_select_test_failures=False, packages_skip_test_passed=False, packages_select=None, packages_skip=None, packages_select_regex=None, packages_skip_regex=None, packages_start=None, packages_end=None, allow_overriding=[], cmake_args=None, cmake_target=None, cmake_target_skip_unavailable=False, cmake_clean_cache=False, cmake_clean_first=False, cmake_force_configure=False, ament_cmake_args=None, catkin_cmake_args=None, catkin_skip_building_tests=False, mixin_files=None, mixin=None, verb_parser=<colcon_mixin.mixin.mixin_argument.MixinArgumentDecorator object at 0x7f7aa5f95e70>, verb_extension=<colcon_core.verb.build.BuildVerb object at 0x7f7aa5f957e0>, main=<bound method BuildVerb.main of <colcon_core.verb.build.BuildVerb object at 0x7f7aa5f957e0>>, mixin_verb=('build',))
[0.360s] Level 1:colcon.colcon_core.package_discovery:discover_packages(colcon_meta) check parameters
[0.360s] Level 1:colcon.colcon_core.package_discovery:discover_packages(recursive) check parameters
[0.360s] Level 1:colcon.colcon_core.package_discovery:discover_packages(ignore) check parameters
[0.360s] Level 1:colcon.colcon_core.package_discovery:discover_packages(path) check parameters
[0.360s] Level 1:colcon.colcon_core.package_discovery:discover_packages(colcon_meta) discover
[0.360s] Level 1:colcon.colcon_core.package_discovery:discover_packages(recursive) discover
[0.360s] INFO:colcon.colcon_core.package_discovery:Crawling recursively for packages in '/home/fariswkt/ros2_humble_ws'
[0.360s] Level 1:colcon.colcon_core.package_identification:_identify(.) by extensions ['ignore', 'ignore_ament_install']
[0.360s] Level 1:colcon.colcon_core.package_identification:_identify(.) by extension 'ignore'
[0.360s] Level 1:colcon.colcon_core.package_identification:_identify(.) by extension 'ignore_ament_install'
[0.360s] Level 1:colcon.colcon_core.package_identification:_identify(.) by extensions ['colcon_pkg']
[0.360s] Level 1:colcon.colcon_core.package_identification:_identify(.) by extension 'colcon_pkg'
[0.360s] Level 1:colcon.colcon_core.package_identification:_identify(.) by extensions ['colcon_meta']
[0.361s] Level 1:colcon.colcon_core.package_identification:_identify(.) by extension 'colcon_meta'
[0.361s] Level 1:colcon.colcon_core.package_identification:_identify(.) by extensions ['ros']
[0.361s] Level 1:colcon.colcon_core.package_identification:_identify(.) by extension 'ros'
[0.370s] Level 1:colcon.colcon_core.package_identification:_identify(.) by extensions ['cmake', 'python']
[0.370s] Level 1:colcon.colcon_core.package_identification:_identify(.) by extension 'cmake'
[0.370s] Level 1:colcon.colcon_core.package_identification:_identify(.) by extension 'python'
[0.370s] Level 1:colcon.colcon_core.package_identification:_identify(.) by extensions ['python_setup_py']
[0.370s] Level 1:colcon.colcon_core.package_identification:_identify(.) by extension 'python_setup_py'
[0.370s] Level 1:colcon.colcon_core.package_identification:_identify(build) by extensions ['ignore', 'ignore_ament_install']
[0.370s] Level 1:colcon.colcon_core.package_identification:_identify(build) by extension 'ignore'
[0.370s] Level 1:colcon.colcon_core.package_identification:_identify(build) ignored
[0.370s] Level 1:colcon.colcon_core.package_identification:_identify(install) by extensions ['ignore', 'ignore_ament_install']
[0.370s] Level 1:colcon.colcon_core.package_identification:_identify(install) by extension 'ignore'
[0.370s] Level 1:colcon.colcon_core.package_identification:_identify(install) ignored
[0.371s] Level 1:colcon.colcon_core.package_identification:_identify(log) by extensions ['ignore', 'ignore_ament_install']
[0.371s] Level 1:colcon.colcon_core.package_identification:_identify(log) by extension 'ignore'
[0.371s] Level 1:colcon.colcon_core.package_identification:_identify(log) ignored
[0.371s] Level 1:colcon.colcon_core.package_identification:_identify(src) by extensions ['ignore', 'ignore_ament_install']
[0.371s] Level 1:colcon.colcon_core.package_identification:_identify(src) by extension 'ignore'
[0.371s] Level 1:colcon.colcon_core.package_identification:_identify(src) by extension 'ignore_ament_install'
[0.371s] Level 1:colcon.colcon_core.package_identification:_identify(src) by extensions ['colcon_pkg']
[0.371s] Level 1:colcon.colcon_core.package_identification:_identify(src) by extension 'colcon_pkg'
[0.371s] Level 1:colcon.colcon_core.package_identification:_identify(src) by extensions ['colcon_meta']
[0.371s] Level 1:colcon.colcon_core.package_identification:_identify(src) by extension 'colcon_meta'
[0.371s] Level 1:colcon.colcon_core.package_identification:_identify(src) by extensions ['ros']
[0.371s] Level 1:colcon.colcon_core.package_identification:_identify(src) by extension 'ros'
[0.371s] Level 1:colcon.colcon_core.package_identification:_identify(src) by extensions ['cmake', 'python']
[0.371s] Level 1:colcon.colcon_core.package_identification:_identify(src) by extension 'cmake'
[0.371s] Level 1:colcon.colcon_core.package_identification:_identify(src) by extension 'python'
[0.371s] Level 1:colcon.colcon_core.package_identification:_identify(src) by extensions ['python_setup_py']
[0.371s] Level 1:colcon.colcon_core.package_identification:_identify(src) by extension 'python_setup_py'
[0.371s] Level 1:colcon.colcon_core.package_identification:_identify(src/package_tubes_uro) by extensions ['ignore', 'ignore_ament_install']
[0.371s] Level 1:colcon.colcon_core.package_identification:_identify(src/package_tubes_uro) by extension 'ignore'
[0.371s] Level 1:colcon.colcon_core.package_identification:_identify(src/package_tubes_uro) by extension 'ignore_ament_install'
[0.371s] Level 1:colcon.colcon_core.package_identification:_identify(src/package_tubes_uro) by extensions ['colcon_pkg']
[0.371s] Level 1:colcon.colcon_core.package_identification:_identify(src/package_tubes_uro) by extension 'colcon_pkg'
[0.371s] Level 1:colcon.colcon_core.package_identification:_identify(src/package_tubes_uro) by extensions ['colcon_meta']
[0.371s] Level 1:colcon.colcon_core.package_identification:_identify(src/package_tubes_uro) by extension 'colcon_meta'
[0.372s] Level 1:colcon.colcon_core.package_identification:_identify(src/package_tubes_uro) by extensions ['ros']
[0.372s] Level 1:colcon.colcon_core.package_identification:_identify(src/package_tubes_uro) by extension 'ros'
[0.374s] DEBUG:colcon.colcon_core.package_identification:Package 'src/package_tubes_uro' with type 'ros.ament_cmake' and name 'package_tubes_uro'
[0.374s] Level 1:colcon.colcon_core.package_discovery:discover_packages(recursive) using defaults
[0.374s] Level 1:colcon.colcon_core.package_discovery:discover_packages(ignore) discover
[0.374s] Level 1:colcon.colcon_core.package_discovery:discover_packages(ignore) using defaults
[0.374s] Level 1:colcon.colcon_core.package_discovery:discover_packages(path) discover
[0.374s] Level 1:colcon.colcon_core.package_discovery:discover_packages(path) using defaults
[0.408s] Level 1:colcon.colcon_core.package_discovery:discover_packages(prefix_path) check parameters
[0.408s] Level 1:colcon.colcon_core.package_discovery:discover_packages(prefix_path) discover
[0.411s] DEBUG:colcon.colcon_installed_package_information.package_discovery:Found 290 installed packages in /opt/ros/humble
[0.412s] Level 1:colcon.colcon_core.package_discovery:discover_packages(prefix_path) using defaults
[0.446s] Level 5:colcon.colcon_core.verb:set package 'package_tubes_uro' build argument 'cmake_args' from command line to 'None'
[0.446s] Level 5:colcon.colcon_core.verb:set package 'package_tubes_uro' build argument 'cmake_target' from command line to 'None'
[0.446s] Level 5:colcon.colcon_core.verb:set package 'package_tubes_uro' build argument 'cmake_target_skip_unavailable' from command line to 'False'
[0.446s] Level 5:colcon.colcon_core.verb:set package 'package_tubes_uro' build argument 'cmake_clean_cache' from command line to 'False'
[0.446s] Level 5:colcon.colcon_core.verb:set package 'package_tubes_uro' build argument 'cmake_clean_first' from command line to 'False'
[0.446s] Level 5:colcon.colcon_core.verb:set package 'package_tubes_uro' build argument 'cmake_force_configure' from command line to 'False'
[0.446s] Level 5:colcon.colcon_core.verb:set package 'package_tubes_uro' build argument 'ament_cmake_args' from command line to 'None'
[0.446s] Level 5:colcon.colcon_core.verb:set package 'package_tubes_uro' build argument 'catkin_cmake_args' from command line to 'None'
[0.446s] Level 5:colcon.colcon_core.verb:set package 'package_tubes_uro' build argument 'catkin_skip_building_tests' from command line to 'False'
[0.446s] DEBUG:colcon.colcon_core.verb:Building package 'package_tubes_uro' with the following arguments: {'ament_cmake_args': None, 'build_base': '/home/fariswkt/ros2_humble_ws/build/package_tubes_uro', 'catkin_cmake_args': None, 'catkin_skip_building_tests': False, 'cmake_args': None, 'cmake_clean_cache': False, 'cmake_clean_first': False, 'cmake_force_configure': False, 'cmake_target': None, 'cmake_target_skip_unavailable': False, 'install_base': '/home/fariswkt/ros2_humble_ws/install/package_tubes_uro', 'merge_install': False, 'path': '/home/fariswkt/ros2_humble_ws/src/package_tubes_uro', 'symlink_install': True, 'test_result_base': None}
[0.447s] INFO:colcon.colcon_core.executor:Executing jobs using 'parallel' executor
[0.448s] DEBUG:colcon.colcon_parallel_executor.executor.parallel:run_until_complete
[0.448s] INFO:colcon.colcon_ros.task.ament_cmake.build:Building ROS package in '/home/fariswkt/ros2_humble_ws/src/package_tubes_uro' with build type 'ament_cmake'
[0.448s] INFO:colcon.colcon_cmake.task.cmake.build:Building CMake package in '/home/fariswkt/ros2_humble_ws/src/package_tubes_uro'
[0.451s] INFO:colcon.colcon_core.plugin_system:Skipping extension 'colcon_core.shell.bat': Not used on non-Windows systems
[0.451s] INFO:colcon.colcon_core.shell:Skip shell extension 'powershell' for command environment: Not usable outside of PowerShell
[0.451s] DEBUG:colcon.colcon_core.shell:Skip shell extension 'dsv' for command environment
[0.462s] DEBUG:colcon.colcon_core.event_handler.log_command:Invoking command in '/home/fariswkt/ros2_humble_ws/build/package_tubes_uro': CMAKE_PREFIX_PATH=/opt/ros/humble /usr/bin/cmake /home/fariswkt/ros2_humble_ws/src/package_tubes_uro -DAMENT_CMAKE_SYMLINK_INSTALL=1 -DCMAKE_INSTALL_PREFIX=/home/fariswkt/ros2_humble_ws/install/package_tubes_uro
[17.761s] DEBUG:colcon.colcon_core.event_handler.log_command:Invoked command in '/home/fariswkt/ros2_humble_ws/build/package_tubes_uro' returned '0': CMAKE_PREFIX_PATH=/opt/ros/humble /usr/bin/cmake /home/fariswkt/ros2_humble_ws/src/package_tubes_uro -DAMENT_CMAKE_SYMLINK_INSTALL=1 -DCMAKE_INSTALL_PREFIX=/home/fariswkt/ros2_humble_ws/install/package_tubes_uro
[17.763s] DEBUG:colcon.colcon_core.event_handler.log_command:Invoking command in '/home/fariswkt/ros2_humble_ws/build/package_tubes_uro': CMAKE_PREFIX_PATH=/opt/ros/humble /usr/bin/cmake --build /home/fariswkt/ros2_humble_ws/build/package_tubes_uro -- -j16 -l16
[17.818s] DEBUG:colcon.colcon_core.event_handler.log_command:Invoked command in '/home/fariswkt/ros2_humble_ws/build/package_tubes_uro' returned '0': CMAKE_PREFIX_PATH=/opt/ros/humble /usr/bin/cmake --build /home/fariswkt/ros2_humble_ws/build/package_tubes_uro -- -j16 -l16
[17.826s] DEBUG:colcon.colcon_core.event_handler.log_command:Invoking command in '/home/fariswkt/ros2_humble_ws/build/package_tubes_uro': CMAKE_PREFIX_PATH=/opt/ros/humble /usr/bin/cmake --install /home/fariswkt/ros2_humble_ws/build/package_tubes_uro
[17.843s] Level 1:colcon.colcon_core.environment:create_environment_scripts_only(package_tubes_uro)
[17.844s] DEBUG:colcon.colcon_core.event_handler.log_command:Invoked command in '/home/fariswkt/ros2_humble_ws/build/package_tubes_uro' returned '0': CMAKE_PREFIX_PATH=/opt/ros/humble /usr/bin/cmake --install /home/fariswkt/ros2_humble_ws/build/package_tubes_uro
[17.847s] Level 1:colcon.colcon_core.environment:checking '/home/fariswkt/ros2_humble_ws/install/package_tubes_uro' for CMake module files
[17.848s] Level 1:colcon.colcon_core.environment:checking '/home/fariswkt/ros2_humble_ws/install/package_tubes_uro' for CMake config files
[17.848s] Level 1:colcon.colcon_core.shell:create_environment_hook('package_tubes_uro', 'cmake_prefix_path')
[17.848s] INFO:colcon.colcon_core.shell:Creating environment hook '/home/fariswkt/ros2_humble_ws/install/package_tubes_uro/share/package_tubes_uro/hook/cmake_prefix_path.ps1'
[17.849s] INFO:colcon.colcon_core.shell:Creating environment descriptor '/home/fariswkt/ros2_humble_ws/install/package_tubes_uro/share/package_tubes_uro/hook/cmake_prefix_path.dsv'
[17.850s] INFO:colcon.colcon_core.shell:Creating environment hook '/home/fariswkt/ros2_humble_ws/install/package_tubes_uro/share/package_tubes_uro/hook/cmake_prefix_path.sh'
[17.851s] Level 1:colcon.colcon_core.environment:checking '/home/fariswkt/ros2_humble_ws/install/package_tubes_uro/lib'
[17.851s] Level 1:colcon.colcon_core.environment:checking '/home/fariswkt/ros2_humble_ws/install/package_tubes_uro/bin'
[17.851s] Level 1:colcon.colcon_core.environment:checking '/home/fariswkt/ros2_humble_ws/install/package_tubes_uro/lib/pkgconfig/package_tubes_uro.pc'
[17.851s] Level 1:colcon.colcon_core.environment:checking '/home/fariswkt/ros2_humble_ws/install/package_tubes_uro/lib/python3.10/site-packages'
[17.852s] Level 1:colcon.colcon_core.environment:checking '/home/fariswkt/ros2_humble_ws/install/package_tubes_uro/bin'
[17.852s] INFO:colcon.colcon_core.shell:Creating package script '/home/fariswkt/ros2_humble_ws/install/package_tubes_uro/share/package_tubes_uro/package.ps1'
[17.853s] INFO:colcon.colcon_core.shell:Creating package descriptor '/home/fariswkt/ros2_humble_ws/install/package_tubes_uro/share/package_tubes_uro/package.dsv'
[17.853s] INFO:colcon.colcon_core.shell:Creating package script '/home/fariswkt/ros2_humble_ws/install/package_tubes_uro/share/package_tubes_uro/package.sh'
[17.854s] INFO:colcon.colcon_core.shell:Creating package script '/home/fariswkt/ros2_humble_ws/install/package_tubes_uro/share/package_tubes_uro/package.bash'
[17.855s] INFO:colcon.colcon_core.shell:Creating package script '/home/fariswkt/ros2_humble_ws/install/package_tubes_uro/share/package_tubes_uro/package.zsh'
[17.856s] Level 1:colcon.colcon_core.environment:create_file_with_runtime_dependencies(/home/fariswkt/ros2_humble_ws/install/package_tubes_uro/share/colcon-core/packages/package_tubes_uro)
[17.858s] Level 1:colcon.colcon_core.environment:create_environment_scripts_only(package_tubes_uro)
[17.858s] Level 1:colcon.colcon_core.environment:checking '/home/fariswkt/ros2_humble_ws/install/package_tubes_uro' for CMake module files
[17.858s] Level 1:colcon.colcon_core.environment:checking '/home/fariswkt/ros2_humble_ws/install/package_tubes_uro' for CMake config files
[17.858s] Level 1:colcon.colcon_core.shell:create_environment_hook('package_tubes_uro', 'cmake_prefix_path')
[17.859s] INFO:colcon.colcon_core.shell:Creating environment hook '/home/fariswkt/ros2_humble_ws/install/package_tubes_uro/share/package_tubes_uro/hook/cmake_prefix_path.ps1'
[17.859s] INFO:colcon.colcon_core.shell:Creating environment descriptor '/home/fariswkt/ros2_humble_ws/install/package_tubes_uro/share/package_tubes_uro/hook/cmake_prefix_path.dsv'
[17.860s] INFO:colcon.colcon_core.shell:Creating environment hook '/home/fariswkt/ros2_humble_ws/install/package_tubes_uro/share/package_tubes_uro/hook/cmake_prefix_path.sh'
[17.860s] Level 1:colcon.colcon_core.environment:checking '/home/fariswkt/ros2_humble_ws/install/package_tubes_uro/lib'
[17.861s] Level 1:colcon.colcon_core.environment:checking '/home/fariswkt/ros2_humble_ws/install/package_tubes_uro/bin'
[17.861s] Level 1:colcon.colcon_core.environment:checking '/home/fariswkt/ros2_humble_ws/install/package_tubes_uro/lib/pkgconfig/package_tubes_uro.pc'
[17.861s] Level 1:colcon.colcon_core.environment:checking '/home/fariswkt/ros2_humble_ws/install/package_tubes_uro/lib/python3.10/site-packages'
[17.861s] Level 1:colcon.colcon_core.environment:checking '/home/fariswkt/ros2_humble_ws/install/package_tubes_uro/bin'
[17.861s] INFO:colcon.colcon_core.shell:Creating package script '/home/fariswkt/ros2_humble_ws/install/package_tubes_uro/share/package_tubes_uro/package.ps1'
[17.862s] INFO:colcon.colcon_core.shell:Creating package descriptor '/home/fariswkt/ros2_humble_ws/install/package_tubes_uro/share/package_tubes_uro/package.dsv'
[17.862s] INFO:colcon.colcon_core.shell:Creating package script '/home/fariswkt/ros2_humble_ws/install/package_tubes_uro/share/package_tubes_uro/package.sh'
[17.863s] INFO:colcon.colcon_core.shell:Creating package script '/home/fariswkt/ros2_humble_ws/install/package_tubes_uro/share/package_tubes_uro/package.bash'
[17.863s] INFO:colcon.colcon_core.shell:Creating package script '/home/fariswkt/ros2_humble_ws/install/package_tubes_uro/share/package_tubes_uro/package.zsh'
[17.864s] Level 1:colcon.colcon_core.environment:create_file_with_runtime_dependencies(/home/fariswkt/ros2_humble_ws/install/package_tubes_uro/share/colcon-core/packages/package_tubes_uro)
[17.864s] DEBUG:colcon.colcon_parallel_executor.executor.parallel:closing loop
[17.865s] DEBUG:colcon.colcon_parallel_executor.executor.parallel:loop closed
[17.865s] DEBUG:colcon.colcon_parallel_executor.executor.parallel:run_until_complete finished with '0'
[17.865s] DEBUG:colcon.colcon_core.event_reactor:joining thread
[17.954s] INFO:colcon.colcon_core.plugin_system:Skipping extension 'colcon_notification.desktop_notification.notify_send': Could not find 'notify-send'
[17.955s] INFO:colcon.colcon_core.plugin_system:Skipping extension 'colcon_notification.desktop_notification.terminal_notifier': Not used on non-Darwin systems
[17.955s] INFO:colcon.colcon_core.plugin_system:Skipping extension 'colcon_notification.desktop_notification.win32': Not used on non-Windows systems
[17.955s] INFO:colcon.colcon_notification.desktop_notification:Sending desktop notification using 'notify2'
[17.955s] DEBUG:colcon.colcon_notification.desktop_notification.notify2:Failed to initialize notify2: org.freedesktop.DBus.Error.FileNotFound: Failed to connect to socket /run/user/1000/bus: No such file or directory
[17.955s] DEBUG:colcon.colcon_core.event_reactor:joined thread
[17.956s] INFO:colcon.colcon_core.shell:Creating prefix script '/home/fariswkt/ros2_humble_ws/install/local_setup.ps1'
[17.957s] INFO:colcon.colcon_core.shell:Creating prefix util module '/home/fariswkt/ros2_humble_ws/install/_local_setup_util_ps1.py'
[17.959s] INFO:colcon.colcon_core.shell:Creating prefix chain script '/home/fariswkt/ros2_humble_ws/install/setup.ps1'
[17.961s] INFO:colcon.colcon_core.shell:Creating prefix script '/home/fariswkt/ros2_humble_ws/install/local_setup.sh'
[17.963s] INFO:colcon.colcon_core.shell:Creating prefix util module '/home/fariswkt/ros2_humble_ws/install/_local_setup_util_sh.py'
[17.964s] INFO:colcon.colcon_core.shell:Creating prefix chain script '/home/fariswkt/ros2_humble_ws/install/setup.sh'
[17.966s] INFO:colcon.colcon_core.shell:Creating prefix script '/home/fariswkt/ros2_humble_ws/install/local_setup.bash'
[17.968s] INFO:colcon.colcon_core.shell:Creating prefix chain script '/home/fariswkt/ros2_humble_ws/install/setup.bash'
[17.970s] INFO:colcon.colcon_core.shell:Creating prefix script '/home/fariswkt/ros2_humble_ws/install/local_setup.zsh'
[17.971s] INFO:colcon.colcon_core.shell:Creating prefix chain script '/home/fariswkt/ros2_humble_ws/install/setup.zsh'
