[0.008s] Invoking command in '/home/fariswkt/ros2_humble_ws/build/package_tubes_uro': CMAKE_PREFIX_PATH=/opt/ros/humble /usr/bin/cmake /home/fariswkt/ros2_humble_ws/src/package_tubes_uro -DCMAKE_INSTALL_PREFIX=/home/fariswkt/ros2_humble_ws/install/package_tubes_uro
[0.034s] -- Found ament_cmake: 1.3.11 (/opt/ros/humble/share/ament_cmake/cmake)
[0.207s] -- Override CMake install command with custom implementation using symlinks instead of copying resources
[0.235s] -- Found rclcpp: 16.0.11 (/opt/ros/humble/share/rclcpp/cmake)
[0.495s] -- Found rosidl_generator_c: 3.1.6 (/opt/ros/humble/share/rosidl_generator_c/cmake)
[0.501s] -- Found rosidl_adapter: 3.1.6 (/opt/ros/humble/share/rosidl_adapter/cmake)
[0.518s] -- Found rosidl_generator_cpp: 3.1.6 (/opt/ros/humble/share/rosidl_generator_cpp/cmake)
[0.538s] -- Using all available rosidl_typesupport_c: rosidl_typesupport_fastrtps_c;rosidl_typesupport_introspection_c
[0.560s] -- Using all available rosidl_typesupport_cpp: rosidl_typesupport_fastrtps_cpp;rosidl_typesupport_introspection_cpp
[0.627s] -- Found rmw_implementation_cmake: 6.1.2 (/opt/ros/humble/share/rmw_implementation_cmake/cmake)
[0.630s] -- Found rmw_fastrtps_cpp: 6.2.7 (/opt/ros/humble/share/rmw_fastrtps_cpp/cmake)
[15.310s] -- Using RMW implementation 'rmw_fastrtps_cpp' as default
[15.439s] -- Found urdf: 2.6.1 (/opt/ros/humble/share/urdf/cmake)
[19.505s] -- Configuring done
[19.523s] -- Generating done
[19.527s] -- Build files have been written to: /home/fariswkt/ros2_humble_ws/build/package_tubes_uro
[19.536s] Invoked command in '/home/fariswkt/ros2_humble_ws/build/package_tubes_uro' returned '0': CMAKE_PREFIX_PATH=/opt/ros/humble /usr/bin/cmake /home/fariswkt/ros2_humble_ws/src/package_tubes_uro -DCMAKE_INSTALL_PREFIX=/home/fariswkt/ros2_humble_ws/install/package_tubes_uro
[19.539s] Invoking command in '/home/fariswkt/ros2_humble_ws/build/package_tubes_uro': CMAKE_PREFIX_PATH=/opt/ros/humble /usr/bin/cmake --build /home/fariswkt/ros2_humble_ws/build/package_tubes_uro -- -j16 -l16
[19.571s] [35m[1mConsolidate compiler generated dependencies of target urdf_example_node[0m
[19.586s] [100%] Built target urdf_example_node
[19.595s] Invoked command in '/home/fariswkt/ros2_humble_ws/build/package_tubes_uro' returned '0': CMAKE_PREFIX_PATH=/opt/ros/humble /usr/bin/cmake --build /home/fariswkt/ros2_humble_ws/build/package_tubes_uro -- -j16 -l16
[19.603s] Invoking command in '/home/fariswkt/ros2_humble_ws/build/package_tubes_uro': CMAKE_PREFIX_PATH=/opt/ros/humble /usr/bin/cmake --install /home/fariswkt/ros2_humble_ws/build/package_tubes_uro
[19.608s] -- Install configuration: ""
[19.608s] -- Execute custom install script
[19.608s] -- Up-to-date symlink: /home/fariswkt/ros2_humble_ws/install/package_tubes_uro/lib/package_tubes_uro/urdf_example_node
[19.609s] -- Up-to-date symlink: /home/fariswkt/ros2_humble_ws/install/package_tubes_uro/share/package_tubes_uro/launch/__pycache__/launch_robot_in_gazebo.launch.cpython-310.pyc
[19.609s] -- Up-to-date symlink: /home/fariswkt/ros2_humble_ws/install/package_tubes_uro/share/package_tubes_uro/launch/launch_robot_in_gazebo.launch.py
[19.609s] -- Up-to-date symlink: /home/fariswkt/ros2_humble_ws/install/package_tubes_uro/share/package_tubes_uro/launch/launch_robot_in_rviz.launch.py
[19.609s] -- Up-to-date symlink: /home/fariswkt/ros2_humble_ws/install/package_tubes_uro/share/package_tubes_uro/launch/spawn_robot.xml
[19.609s] -- Up-to-date symlink: /home/fariswkt/ros2_humble_ws/install/package_tubes_uro/share/package_tubes_uro/urdf/robot_tubes_uro.urdf
[19.610s] -- Up-to-date symlink: /home/fariswkt/ros2_humble_ws/install/package_tubes_uro/share/package_tubes_uro/urdf/robot_tubes_uro_gazebo.urdf.xacro
[19.610s] -- Up-to-date symlink: /home/fariswkt/ros2_humble_ws/install/package_tubes_uro/share/package_tubes_uro/worlds/empty.world
[19.610s] -- Up-to-date symlink: /home/fariswkt/ros2_humble_ws/install/package_tubes_uro/share/ament_index/resource_index/package_run_dependencies/package_tubes_uro
[19.610s] -- Up-to-date symlink: /home/fariswkt/ros2_humble_ws/install/package_tubes_uro/share/ament_index/resource_index/parent_prefix_path/package_tubes_uro
[19.610s] -- Up-to-date symlink: /home/fariswkt/ros2_humble_ws/install/package_tubes_uro/share/package_tubes_uro/environment/ament_prefix_path.sh
[19.610s] -- Up-to-date symlink: /home/fariswkt/ros2_humble_ws/install/package_tubes_uro/share/package_tubes_uro/environment/ament_prefix_path.dsv
[19.611s] -- Up-to-date symlink: /home/fariswkt/ros2_humble_ws/install/package_tubes_uro/share/package_tubes_uro/environment/path.sh
[19.611s] -- Up-to-date symlink: /home/fariswkt/ros2_humble_ws/install/package_tubes_uro/share/package_tubes_uro/environment/path.dsv
[19.611s] -- Up-to-date symlink: /home/fariswkt/ros2_humble_ws/install/package_tubes_uro/share/package_tubes_uro/local_setup.bash
[19.611s] -- Up-to-date symlink: /home/fariswkt/ros2_humble_ws/install/package_tubes_uro/share/package_tubes_uro/local_setup.sh
[19.611s] -- Up-to-date symlink: /home/fariswkt/ros2_humble_ws/install/package_tubes_uro/share/package_tubes_uro/local_setup.zsh
[19.611s] -- Up-to-date symlink: /home/fariswkt/ros2_humble_ws/install/package_tubes_uro/share/package_tubes_uro/local_setup.dsv
[19.611s] -- Symlinking: /home/fariswkt/ros2_humble_ws/install/package_tubes_uro/share/package_tubes_uro/package.dsv
[19.618s] -- Up-to-date symlink: /home/fariswkt/ros2_humble_ws/install/package_tubes_uro/share/ament_index/resource_index/packages/package_tubes_uro
[19.619s] -- Up-to-date symlink: /home/fariswkt/ros2_humble_ws/install/package_tubes_uro/share/package_tubes_uro/cmake/package_tubes_uroConfig.cmake
[19.619s] -- Up-to-date symlink: /home/fariswkt/ros2_humble_ws/install/package_tubes_uro/share/package_tubes_uro/cmake/package_tubes_uroConfig-version.cmake
[19.619s] -- Up-to-date symlink: /home/fariswkt/ros2_humble_ws/install/package_tubes_uro/share/package_tubes_uro/package.xml
[19.621s] Invoked command in '/home/fariswkt/ros2_humble_ws/build/package_tubes_uro' returned '0': CMAKE_PREFIX_PATH=/opt/ros/humble /usr/bin/cmake --install /home/fariswkt/ros2_humble_ws/build/package_tubes_uro
