[0.012s] Invoking command in '/home/fariswkt/ros2_humble_ws/build/package_tubes_uro': CMAKE_PREFIX_PATH=/opt/ros/humble /usr/bin/cmake /home/fariswkt/ros2_humble_ws/src/package_tubes_uro -DAMENT_CMAKE_SYMLINK_INSTALL=1 -DCMAKE_INSTALL_PREFIX=/home/fariswkt/ros2_humble_ws/install/package_tubes_uro
[0.026s] -- Found ament_cmake: 1.3.11 (/opt/ros/humble/share/ament_cmake/cmake)
[0.129s] -- Override CMake install command with custom implementation using symlinks instead of copying resources
[0.134s] -- Found rclcpp: 16.0.11 (/opt/ros/humble/share/rclcpp/cmake)
[0.499s] -- Found rosidl_generator_c: 3.1.6 (/opt/ros/humble/share/rosidl_generator_c/cmake)
[0.503s] -- Found rosidl_adapter: 3.1.6 (/opt/ros/humble/share/rosidl_adapter/cmake)
[0.508s] -- Found rosidl_generator_cpp: 3.1.6 (/opt/ros/humble/share/rosidl_generator_cpp/cmake)
[0.522s] -- Using all available rosidl_typesupport_c: rosidl_typesupport_fastrtps_c;rosidl_typesupport_introspection_c
[0.538s] -- Using all available rosidl_typesupport_cpp: rosidl_typesupport_fastrtps_cpp;rosidl_typesupport_introspection_cpp
[0.567s] -- Found rmw_implementation_cmake: 6.1.2 (/opt/ros/humble/share/rmw_implementation_cmake/cmake)
[0.569s] -- Found rmw_fastrtps_cpp: 6.2.7 (/opt/ros/humble/share/rmw_fastrtps_cpp/cmake)
[14.180s] -- Using RMW implementation 'rmw_fastrtps_cpp' as default
[14.253s] -- Found urdf: 2.6.1 (/opt/ros/humble/share/urdf/cmake)
[17.289s] -- Configuring done
[17.296s] -- Generating done
[17.301s] -- Build files have been written to: /home/fariswkt/ros2_humble_ws/build/package_tubes_uro
[17.311s] Invoked command in '/home/fariswkt/ros2_humble_ws/build/package_tubes_uro' returned '0': CMAKE_PREFIX_PATH=/opt/ros/humble /usr/bin/cmake /home/fariswkt/ros2_humble_ws/src/package_tubes_uro -DAMENT_CMAKE_SYMLINK_INSTALL=1 -DCMAKE_INSTALL_PREFIX=/home/fariswkt/ros2_humble_ws/install/package_tubes_uro
[17.313s] Invoking command in '/home/fariswkt/ros2_humble_ws/build/package_tubes_uro': CMAKE_PREFIX_PATH=/opt/ros/humble /usr/bin/cmake --build /home/fariswkt/ros2_humble_ws/build/package_tubes_uro -- -j16 -l16
[17.343s] [35m[1mConsolidate compiler generated dependencies of target urdf_example_node[0m
[17.360s] [100%] Built target urdf_example_node
[17.368s] Invoked command in '/home/fariswkt/ros2_humble_ws/build/package_tubes_uro' returned '0': CMAKE_PREFIX_PATH=/opt/ros/humble /usr/bin/cmake --build /home/fariswkt/ros2_humble_ws/build/package_tubes_uro -- -j16 -l16
[17.376s] Invoking command in '/home/fariswkt/ros2_humble_ws/build/package_tubes_uro': CMAKE_PREFIX_PATH=/opt/ros/humble /usr/bin/cmake --install /home/fariswkt/ros2_humble_ws/build/package_tubes_uro
[17.380s] -- Install configuration: ""
[17.381s] -- Execute custom install script
[17.381s] -- Up-to-date symlink: /home/fariswkt/ros2_humble_ws/install/package_tubes_uro/lib/package_tubes_uro/urdf_example_node
[17.381s] -- Up-to-date symlink: /home/fariswkt/ros2_humble_ws/install/package_tubes_uro/share/package_tubes_uro/launch/launch_robot_in_gazebo.launch.py
[17.381s] -- Up-to-date symlink: /home/fariswkt/ros2_humble_ws/install/package_tubes_uro/share/package_tubes_uro/launch/launch_robot_in_rviz.launch.py
[17.381s] -- Up-to-date symlink: /home/fariswkt/ros2_humble_ws/install/package_tubes_uro/share/package_tubes_uro/urdf/robot_tubes_uro.urdf
[17.382s] -- Up-to-date symlink: /home/fariswkt/ros2_humble_ws/install/package_tubes_uro/share/package_tubes_uro/urdf/robot_tubes_uro_gazebo.urdf.xacro
[17.382s] -- Up-to-date symlink: /home/fariswkt/ros2_humble_ws/install/package_tubes_uro/share/package_tubes_uro/worlds/empty.world
[17.382s] -- Up-to-date symlink: /home/fariswkt/ros2_humble_ws/install/package_tubes_uro/share/ament_index/resource_index/package_run_dependencies/package_tubes_uro
[17.382s] -- Up-to-date symlink: /home/fariswkt/ros2_humble_ws/install/package_tubes_uro/share/ament_index/resource_index/parent_prefix_path/package_tubes_uro
[17.382s] -- Up-to-date symlink: /home/fariswkt/ros2_humble_ws/install/package_tubes_uro/share/package_tubes_uro/environment/ament_prefix_path.sh
[17.382s] -- Up-to-date symlink: /home/fariswkt/ros2_humble_ws/install/package_tubes_uro/share/package_tubes_uro/environment/ament_prefix_path.dsv
[17.382s] -- Up-to-date symlink: /home/fariswkt/ros2_humble_ws/install/package_tubes_uro/share/package_tubes_uro/environment/path.sh
[17.382s] -- Up-to-date symlink: /home/fariswkt/ros2_humble_ws/install/package_tubes_uro/share/package_tubes_uro/environment/path.dsv
[17.382s] -- Up-to-date symlink: /home/fariswkt/ros2_humble_ws/install/package_tubes_uro/share/package_tubes_uro/local_setup.bash
[17.383s] -- Up-to-date symlink: /home/fariswkt/ros2_humble_ws/install/package_tubes_uro/share/package_tubes_uro/local_setup.sh
[17.383s] -- Up-to-date symlink: /home/fariswkt/ros2_humble_ws/install/package_tubes_uro/share/package_tubes_uro/local_setup.zsh
[17.383s] -- Up-to-date symlink: /home/fariswkt/ros2_humble_ws/install/package_tubes_uro/share/package_tubes_uro/local_setup.dsv
[17.383s] -- Symlinking: /home/fariswkt/ros2_humble_ws/install/package_tubes_uro/share/package_tubes_uro/package.dsv
[17.389s] -- Up-to-date symlink: /home/fariswkt/ros2_humble_ws/install/package_tubes_uro/share/ament_index/resource_index/packages/package_tubes_uro
[17.389s] -- Up-to-date symlink: /home/fariswkt/ros2_humble_ws/install/package_tubes_uro/share/package_tubes_uro/cmake/package_tubes_uroConfig.cmake
[17.390s] -- Up-to-date symlink: /home/fariswkt/ros2_humble_ws/install/package_tubes_uro/share/package_tubes_uro/cmake/package_tubes_uroConfig-version.cmake
[17.390s] -- Up-to-date symlink: /home/fariswkt/ros2_humble_ws/install/package_tubes_uro/share/package_tubes_uro/package.xml
[17.394s] Invoked command in '/home/fariswkt/ros2_humble_ws/build/package_tubes_uro' returned '0': CMAKE_PREFIX_PATH=/opt/ros/humble /usr/bin/cmake --install /home/fariswkt/ros2_humble_ws/build/package_tubes_uro
