[0.011s] Invoking command in '/home/fariswkt/ros2_humble_ws/build/package_tubes_uro': CMAKE_PREFIX_PATH=${CMAKE_PREFIX_PATH}:/opt/ros/humble /usr/bin/cmake /home/fariswkt/ros2_humble_ws/src/package_tubes_uro -DCMAKE_INSTALL_PREFIX=/home/fariswkt/ros2_humble_ws/install/package_tubes_uro
[0.021s] -- Found ament_cmake: 1.3.11 (/opt/ros/humble/share/ament_cmake/cmake)
[0.138s] -- Override CMake install command with custom implementation using symlinks instead of copying resources
[0.143s] -- Found rclcpp: 16.0.11 (/opt/ros/humble/share/rclcpp/cmake)
[0.557s] -- Found rosidl_generator_c: 3.1.6 (/opt/ros/humble/share/rosidl_generator_c/cmake)
[0.560s] -- Found rosidl_adapter: 3.1.6 (/opt/ros/humble/share/rosidl_adapter/cmake)
[0.566s] -- Found rosidl_generator_cpp: 3.1.6 (/opt/ros/humble/share/rosidl_generator_cpp/cmake)
[0.573s] -- Using all available rosidl_typesupport_c: rosidl_typesupport_fastrtps_c;rosidl_typesupport_introspection_c
[0.583s] -- Using all available rosidl_typesupport_cpp: rosidl_typesupport_fastrtps_cpp;rosidl_typesupport_introspection_cpp
[0.612s] -- Found rmw_implementation_cmake: 6.1.2 (/opt/ros/humble/share/rmw_implementation_cmake/cmake)
[0.613s] -- Found rmw_fastrtps_cpp: 6.2.7 (/opt/ros/humble/share/rmw_fastrtps_cpp/cmake)
[14.613s] -- Using RMW implementation 'rmw_fastrtps_cpp' as default
[14.661s] -- Found urdf: 2.6.1 (/opt/ros/humble/share/urdf/cmake)
[18.411s] -- Configuring done
[18.418s] -- Generating done
[18.422s] -- Build files have been written to: /home/fariswkt/ros2_humble_ws/build/package_tubes_uro
[18.432s] Invoked command in '/home/fariswkt/ros2_humble_ws/build/package_tubes_uro' returned '0': CMAKE_PREFIX_PATH=${CMAKE_PREFIX_PATH}:/opt/ros/humble /usr/bin/cmake /home/fariswkt/ros2_humble_ws/src/package_tubes_uro -DCMAKE_INSTALL_PREFIX=/home/fariswkt/ros2_humble_ws/install/package_tubes_uro
[18.432s] Invoking command in '/home/fariswkt/ros2_humble_ws/build/package_tubes_uro': CMAKE_PREFIX_PATH=${CMAKE_PREFIX_PATH}:/opt/ros/humble /usr/bin/cmake --build /home/fariswkt/ros2_humble_ws/build/package_tubes_uro -- -j16 -l16
[18.464s] [35m[1mConsolidate compiler generated dependencies of target urdf_example_node[0m
[18.478s] [100%] Built target urdf_example_node
[18.487s] Invoked command in '/home/fariswkt/ros2_humble_ws/build/package_tubes_uro' returned '0': CMAKE_PREFIX_PATH=${CMAKE_PREFIX_PATH}:/opt/ros/humble /usr/bin/cmake --build /home/fariswkt/ros2_humble_ws/build/package_tubes_uro -- -j16 -l16
[18.498s] Invoking command in '/home/fariswkt/ros2_humble_ws/build/package_tubes_uro': CMAKE_PREFIX_PATH=${CMAKE_PREFIX_PATH}:/opt/ros/humble /usr/bin/cmake --install /home/fariswkt/ros2_humble_ws/build/package_tubes_uro
[18.505s] -- Install configuration: ""
[18.506s] -- Execute custom install script
[18.507s] -- Up-to-date symlink: /home/fariswkt/ros2_humble_ws/install/package_tubes_uro/lib/package_tubes_uro/urdf_example_node
[18.508s] -- Up-to-date symlink: /home/fariswkt/ros2_humble_ws/install/package_tubes_uro/share/package_tubes_uro/launch/launch_robot_in_gazebo.launch.py
[18.508s] -- Up-to-date symlink: /home/fariswkt/ros2_humble_ws/install/package_tubes_uro/share/package_tubes_uro/launch/launch_robot_in_rviz.launch.py
[18.509s] -- Up-to-date symlink: /home/fariswkt/ros2_humble_ws/install/package_tubes_uro/share/package_tubes_uro/urdf/robot_tubes_uro.urdf
[18.509s] -- Up-to-date symlink: /home/fariswkt/ros2_humble_ws/install/package_tubes_uro/share/package_tubes_uro/urdf/robot_tubes_uro_gazebo.urdf.xacro
[18.510s] -- Up-to-date symlink: /home/fariswkt/ros2_humble_ws/install/package_tubes_uro/share/package_tubes_uro/worlds/empty.world
[18.510s] -- Up-to-date symlink: /home/fariswkt/ros2_humble_ws/install/package_tubes_uro/share/ament_index/resource_index/package_run_dependencies/package_tubes_uro
[18.510s] -- Up-to-date symlink: /home/fariswkt/ros2_humble_ws/install/package_tubes_uro/share/ament_index/resource_index/parent_prefix_path/package_tubes_uro
[18.510s] -- Up-to-date symlink: /home/fariswkt/ros2_humble_ws/install/package_tubes_uro/share/package_tubes_uro/environment/ament_prefix_path.sh
[18.510s] -- Up-to-date symlink: /home/fariswkt/ros2_humble_ws/install/package_tubes_uro/share/package_tubes_uro/environment/ament_prefix_path.dsv
[18.511s] -- Up-to-date symlink: /home/fariswkt/ros2_humble_ws/install/package_tubes_uro/share/package_tubes_uro/environment/path.sh
[18.511s] -- Up-to-date symlink: /home/fariswkt/ros2_humble_ws/install/package_tubes_uro/share/package_tubes_uro/environment/path.dsv
[18.512s] -- Up-to-date symlink: /home/fariswkt/ros2_humble_ws/install/package_tubes_uro/share/package_tubes_uro/local_setup.bash
[18.512s] -- Up-to-date symlink: /home/fariswkt/ros2_humble_ws/install/package_tubes_uro/share/package_tubes_uro/local_setup.sh
[18.512s] -- Up-to-date symlink: /home/fariswkt/ros2_humble_ws/install/package_tubes_uro/share/package_tubes_uro/local_setup.zsh
[18.512s] -- Up-to-date symlink: /home/fariswkt/ros2_humble_ws/install/package_tubes_uro/share/package_tubes_uro/local_setup.dsv
[18.513s] -- Symlinking: /home/fariswkt/ros2_humble_ws/install/package_tubes_uro/share/package_tubes_uro/package.dsv
[18.520s] -- Up-to-date symlink: /home/fariswkt/ros2_humble_ws/install/package_tubes_uro/share/ament_index/resource_index/packages/package_tubes_uro
[18.521s] -- Up-to-date symlink: /home/fariswkt/ros2_humble_ws/install/package_tubes_uro/share/package_tubes_uro/cmake/package_tubes_uroConfig.cmake
[18.521s] -- Up-to-date symlink: /home/fariswkt/ros2_humble_ws/install/package_tubes_uro/share/package_tubes_uro/cmake/package_tubes_uroConfig-version.cmake
[18.521s] -- Up-to-date symlink: /home/fariswkt/ros2_humble_ws/install/package_tubes_uro/share/package_tubes_uro/package.xml
[18.522s] Invoked command in '/home/fariswkt/ros2_humble_ws/build/package_tubes_uro' returned '0': CMAKE_PREFIX_PATH=${CMAKE_PREFIX_PATH}:/opt/ros/humble /usr/bin/cmake --install /home/fariswkt/ros2_humble_ws/build/package_tubes_uro
