[0.011s] Invoking command in '/home/fariswkt/ros2_humble_ws/build/package_tubes_uro': CMAKE_PREFIX_PATH=/opt/ros/humble /usr/bin/cmake /home/fariswkt/ros2_humble_ws/src/package_tubes_uro -DAMENT_CMAKE_SYMLINK_INSTALL=1 -DCMAKE_INSTALL_PREFIX=/home/fariswkt/ros2_humble_ws/install/package_tubes_uro
[0.019s] -- Found ament_cmake: 1.3.11 (/opt/ros/humble/share/ament_cmake/cmake)
[0.116s] -- Override CMake install command with custom implementation using symlinks instead of copying resources
[0.122s] -- Found rclcpp: 16.0.11 (/opt/ros/humble/share/rclcpp/cmake)
[0.300s] -- Found rosidl_generator_c: 3.1.6 (/opt/ros/humble/share/rosidl_generator_c/cmake)
[0.302s] -- Found rosidl_adapter: 3.1.6 (/opt/ros/humble/share/rosidl_adapter/cmake)
[0.306s] -- Found rosidl_generator_cpp: 3.1.6 (/opt/ros/humble/share/rosidl_generator_cpp/cmake)
[0.315s] -- Using all available rosidl_typesupport_c: rosidl_typesupport_fastrtps_c;rosidl_typesupport_introspection_c
[0.325s] -- Using all available rosidl_typesupport_cpp: rosidl_typesupport_fastrtps_cpp;rosidl_typesupport_introspection_cpp
[0.351s] -- Found rmw_implementation_cmake: 6.1.2 (/opt/ros/humble/share/rmw_implementation_cmake/cmake)
[0.352s] -- Found rmw_fastrtps_cpp: 6.2.7 (/opt/ros/humble/share/rmw_fastrtps_cpp/cmake)
[8.436s] -- Using RMW implementation 'rmw_fastrtps_cpp' as default
[8.476s] -- Found urdf: 2.6.1 (/opt/ros/humble/share/urdf/cmake)
[10.477s] -- Configuring done
[10.483s] -- Generating done
[10.487s] -- Build files have been written to: /home/fariswkt/ros2_humble_ws/build/package_tubes_uro
[10.494s] Invoked command in '/home/fariswkt/ros2_humble_ws/build/package_tubes_uro' returned '0': CMAKE_PREFIX_PATH=/opt/ros/humble /usr/bin/cmake /home/fariswkt/ros2_humble_ws/src/package_tubes_uro -DAMENT_CMAKE_SYMLINK_INSTALL=1 -DCMAKE_INSTALL_PREFIX=/home/fariswkt/ros2_humble_ws/install/package_tubes_uro
[10.496s] Invoking command in '/home/fariswkt/ros2_humble_ws/build/package_tubes_uro': CMAKE_PREFIX_PATH=/opt/ros/humble /usr/bin/cmake --build /home/fariswkt/ros2_humble_ws/build/package_tubes_uro -- -j16 -l16
[10.526s] [35m[1mConsolidate compiler generated dependencies of target urdf_example_node[0m
[10.540s] [100%] Built target urdf_example_node
[10.548s] Invoked command in '/home/fariswkt/ros2_humble_ws/build/package_tubes_uro' returned '0': CMAKE_PREFIX_PATH=/opt/ros/humble /usr/bin/cmake --build /home/fariswkt/ros2_humble_ws/build/package_tubes_uro -- -j16 -l16
[10.555s] Invoking command in '/home/fariswkt/ros2_humble_ws/build/package_tubes_uro': CMAKE_PREFIX_PATH=/opt/ros/humble /usr/bin/cmake --install /home/fariswkt/ros2_humble_ws/build/package_tubes_uro
[10.560s] -- Install configuration: ""
[10.561s] -- Execute custom install script
[10.561s] -- Up-to-date symlink: /home/fariswkt/ros2_humble_ws/install/package_tubes_uro/lib/package_tubes_uro/urdf_example_node
[10.561s] -- Up-to-date symlink: /home/fariswkt/ros2_humble_ws/install/package_tubes_uro/share/package_tubes_uro/launch/__pycache__/launch_robot_in_gazebo.launch.cpython-310.pyc
[10.561s] -- Up-to-date symlink: /home/fariswkt/ros2_humble_ws/install/package_tubes_uro/share/package_tubes_uro/launch/launch_robot_in_gazebo.launch.py
[10.561s] -- Up-to-date symlink: /home/fariswkt/ros2_humble_ws/install/package_tubes_uro/share/package_tubes_uro/launch/launch_robot_in_rviz.launch.py
[10.561s] -- Up-to-date symlink: /home/fariswkt/ros2_humble_ws/install/package_tubes_uro/share/package_tubes_uro/launch/spawn_robot.xml
[10.562s] -- Up-to-date symlink: /home/fariswkt/ros2_humble_ws/install/package_tubes_uro/share/package_tubes_uro/urdf/robot_tubes_uro.urdf
[10.562s] -- Up-to-date symlink: /home/fariswkt/ros2_humble_ws/install/package_tubes_uro/share/package_tubes_uro/urdf/robot_tubes_uro_gazebo.urdf.xacro
[10.562s] -- Up-to-date symlink: /home/fariswkt/ros2_humble_ws/install/package_tubes_uro/share/package_tubes_uro/worlds/empty.world
[10.562s] -- Up-to-date symlink: /home/fariswkt/ros2_humble_ws/install/package_tubes_uro/share/ament_index/resource_index/package_run_dependencies/package_tubes_uro
[10.562s] -- Up-to-date symlink: /home/fariswkt/ros2_humble_ws/install/package_tubes_uro/share/ament_index/resource_index/parent_prefix_path/package_tubes_uro
[10.562s] -- Up-to-date symlink: /home/fariswkt/ros2_humble_ws/install/package_tubes_uro/share/package_tubes_uro/environment/ament_prefix_path.sh
[10.563s] -- Up-to-date symlink: /home/fariswkt/ros2_humble_ws/install/package_tubes_uro/share/package_tubes_uro/environment/ament_prefix_path.dsv
[10.563s] -- Up-to-date symlink: /home/fariswkt/ros2_humble_ws/install/package_tubes_uro/share/package_tubes_uro/environment/path.sh
[10.563s] -- Up-to-date symlink: /home/fariswkt/ros2_humble_ws/install/package_tubes_uro/share/package_tubes_uro/environment/path.dsv
[10.563s] -- Up-to-date symlink: /home/fariswkt/ros2_humble_ws/install/package_tubes_uro/share/package_tubes_uro/local_setup.bash
[10.563s] -- Up-to-date symlink: /home/fariswkt/ros2_humble_ws/install/package_tubes_uro/share/package_tubes_uro/local_setup.sh
[10.563s] -- Up-to-date symlink: /home/fariswkt/ros2_humble_ws/install/package_tubes_uro/share/package_tubes_uro/local_setup.zsh
[10.563s] -- Up-to-date symlink: /home/fariswkt/ros2_humble_ws/install/package_tubes_uro/share/package_tubes_uro/local_setup.dsv
[10.563s] -- Symlinking: /home/fariswkt/ros2_humble_ws/install/package_tubes_uro/share/package_tubes_uro/package.dsv
[10.570s] -- Up-to-date symlink: /home/fariswkt/ros2_humble_ws/install/package_tubes_uro/share/ament_index/resource_index/packages/package_tubes_uro
[10.570s] -- Up-to-date symlink: /home/fariswkt/ros2_humble_ws/install/package_tubes_uro/share/package_tubes_uro/cmake/package_tubes_uroConfig.cmake
[10.570s] -- Up-to-date symlink: /home/fariswkt/ros2_humble_ws/install/package_tubes_uro/share/package_tubes_uro/cmake/package_tubes_uroConfig-version.cmake
[10.570s] -- Up-to-date symlink: /home/fariswkt/ros2_humble_ws/install/package_tubes_uro/share/package_tubes_uro/package.xml
[10.572s] Invoked command in '/home/fariswkt/ros2_humble_ws/build/package_tubes_uro' returned '0': CMAKE_PREFIX_PATH=/opt/ros/humble /usr/bin/cmake --install /home/fariswkt/ros2_humble_ws/build/package_tubes_uro
